<?xml version="1.0" encoding="UTF-8"?>
<!-- Generated by org.testng.reporters.JUnitXMLReporter -->
<testsuite ignored="0" hostname="LAPTOP-406GQ2QJ" failures="0" tests="4" name="Test Case" time="0.036" errors="0" timestamp="2021-03-11T11:55:31 CST">
  <testcase classname="testNG.SampleTestCase" name="firstTestCase" time="0.005"/>
  <testcase classname="testNG.SampleTestCase" name="fourthTestCase" time="0.001"/>
  <testcase classname="testNG.SampleTestCase" name="secondTestCase" time="0.001"/>
  <testcase classname="testNG.SampleTestCase" name="thirdTestCase" time="0.0"/>
</testsuite> <!-- Test Case -->
