<?xml version="1.0" encoding="UTF-8"?>
<testng-results ignored="0" total="1" passed="1" failed="0" skipped="0">
  <reporter-output>
  </reporter-output>
  <suite started-at="2021-05-04T13:18:21 CDT" name="test" finished-at="2021-05-04T13:18:28 CDT" duration-ms="7528">
    <groups>
    </groups>
    <test started-at="2021-05-04T13:18:21 CDT" name="Test case" finished-at="2021-05-04T13:18:28 CDT" duration-ms="7528">
      <class name="advance.Login">
        <test-method signature="logindata(java.lang.String, java.lang.String)[pri:0, instance:advance.Login@5e316c74]" started-at="2021-05-04T13:18:21 CDT" name="logindata" finished-at="2021-05-04T13:18:28 CDT" duration-ms="7504" status="PASS">
          <params>
            <param index="0">
              <value>
                <![CDATA[Admin]]>
              </value>
            </param>
            <param index="1">
              <value>
                <![CDATA[admin123]]>
              </value>
            </param>
          </params>
          <reporter-output>
          </reporter-output>
        </test-method> <!-- logindata -->
      </class> <!-- advance.Login -->
    </test> <!-- Test case -->
  </suite> <!-- test -->
</testng-results>
